
> code@1.0.0 dev
> nodemon ./node_modules/mock-user-auth/bin/www.js

[33m[nodemon] 1.18.11[39m
[33m[nodemon] to restart at any time, enter `rs`[39m
[33m[nodemon] watching: *.*[39m
[32m[nodemon] starting `node ./node_modules/mock-user-auth/bin/www.js`[39m
[0mDELETE /api/v1/all-users [33m403 [0m30.992 ms - 33[0m
[0mPOST /api/v1/users [33m401 [0m3.231 ms - 37[0m
[0mPOST /api/v1/users [33m401 [0m1.442 ms - 37[0m
[0mPOST /api/v1/users [33m401 [0m1.304 ms - 37[0m
[0mPOST /api/v1/users [33m401 [0m1.682 ms - 37[0m
[0mPOST /api/v1/users [33m401 [0m1.529 ms - 37[0m
[0mPOST /api/v1/users [33m401 [0m1.898 ms - 37[0m
[0mPOST /api/v1/users [33m401 [0m1.210 ms - 37[0m
[0mPOST /api/v1/users [33m401 [0m2.955 ms - 37[0m
[0mPOST /api/v1/users [33m401 [0m1.288 ms - 37[0m
[0mPOST /api/v1/users [33m401 [0m1.040 ms - 37[0m
[0mPOST /api/v1/users [33m401 [0m1.010 ms - 37[0m
[0mPOST /api/v1/users [33m401 [0m1.088 ms - 37[0m
[0mPOST /api/v1/users [33m401 [0m1.158 ms - 37[0m
[0mPOST /api/v1/users [33m401 [0m1.042 ms - 37[0m
[0mPOST /api/v1/users [33m401 [0m0.815 ms - 37[0m
[0mDELETE /api/v1/all-users [33m403 [0m0.852 ms - 33[0m
[0mPOST /api/v1/users [32m200 [0m5.638 ms - 42[0m
[0mPOST /api/v1/users [32m200 [0m2.608 ms - 42[0m
[0mPOST /api/v1/auth [32m200 [0m1.910 ms - 188[0m
[0mPOST /api/v1/auth [32m200 [0m1.075 ms - 189[0m
[0mPATCH /api/v1/users [32m200 [0m5.155 ms - 225[0m
[0mPATCH /api/v1/users [32m200 [0m3.422 ms - 223[0m
[0mPATCH /api/v1/users [33m403 [0m1.238 ms - 27[0m
[0mPATCH /api/v1/users [33m403 [0m1.416 ms - 34[0m
[0mPATCH /api/v1/users [33m403 [0m1.998 ms - 2[0m
[0mPATCH /api/v1/users [33m403 [0m2.038 ms - 2[0m
[0mPATCH /api/v1/users [33m403 [0m2.435 ms - 2[0m
[0mDELETE /api/v1/all-users [33m403 [0m0.846 ms - 33[0m
[0mPOST /api/v1/users [33m401 [0m0.977 ms - 37[0m
[0mPOST /api/v1/auth [32m200 [0m2.193 ms - 193[0m
[0mPOST /api/v1/auth [33m401 [0m1.578 ms - 41[0m
[0mPOST /api/v1/auth [33m401 [0m1.200 ms - 41[0m
[0mPOST /api/v1/auth [32m200 [0m1.114 ms - 155[0m
[0mPOST /api/v1/auth [33m401 [0m1.278 ms - 41[0m
[0mPOST /api/v1/auth [33m401 [0m0.828 ms - 41[0m
[0mPOST /api/v1/auth [32m200 [0m1.441 ms - 193[0m
[0mGET /api/v1/auth [33m404 [0m3.437 ms - 1194[0m
[0mPOST /api/v1/auth [33m401 [0m0.830 ms - 41[0m
[0mPOST /api/v1/auth [32m200 [0m1.015 ms - 173[0m
[0mPOST /api/v1/auth [32m200 [0m1.571 ms - 172[0m
[0mDELETE /api/v1/all-users [33m403 [0m1.947 ms - 33[0m
[0mPOST /api/v1/users [33m401 [0m1.691 ms - 37[0m
[0mPOST /api/v1/users [33m401 [0m1.167 ms - 37[0m
[0mPOST /api/v1/auth [32m200 [0m1.770 ms - 191[0m
[0mDELETE /api/v1/users [31m500 [0m4.308 ms - 1222[0m
[0mDELETE /api/v1/users [33m403 [0m1.551 ms - 36[0m
[0mDELETE /api/v1/users [33m403 [0m1.590 ms - 36[0m
[0mDELETE /api/v1/all-users [33m403 [0m0.784 ms - 33[0m
[0mDELETE /api/v1/all-users [33m403 [0m0.735 ms - 33[0m
[0mGET /api/v1/users [33m403 [0m1.253 ms - 26[0m
[0mDELETE /api/v1/all-users [33m403 [0m0.818 ms - 33[0m
[0mPOST /api/v1/users [32m200 [0m2.774 ms - 42[0m
[0mPOST /api/v1/users [33m401 [0m1.059 ms - 37[0m
[0mPOST /api/v1/auth [32m200 [0m1.125 ms - 191[0m
[0mGET /api/v1/users [32m200 [0m1.243 ms - 163[0m
[0mGET /api/v1/users [33m403 [0m0.696 ms - 26[0m
[0mGET /api/v1/users [33m403 [0m0.752 ms - 26[0m
[0mGET /api/v1/users [33m403 [0m0.685 ms - 26[0m
[0mPOST /api/v1/users [33m401 [0m0.876 ms - 37[0m
[0mDELETE /api/v1/all-users [33m403 [0m0.849 ms - 33[0m
